<?xml version="1.0" encoding="UTF-8"?><testsuite errors="0" failures="1" name="AprendizInfo" skipped="0" tests="1" time="6.64" timestamp="2023-09-12 12:55:40"><testcase name="Register Succesfult"><failure message="Expected enabled element was not enabled" type="net.thucydides.core.webdriver.exceptions.ElementShouldBeEnabledException">Expected enabled element was not enabled</failure><system-err>Expected enabled element was not enabled&#13;
tasks.LoginTasks.performAs(LoginTasks.java:20)&#13;
com.co.seguimientos.stepsdefinitions.AprendiceInfoStepsDefinitions.iEnterCorrectsForLoginInThePage(AprendiceInfoStepsDefinitions.java:17)&#13;
cucumber.runner.Runner.runPickle(Runner.java:80)&#13;
worker.org.gradle.process.internal.worker.GradleWorkerMain.run(GradleWorkerMain.java:69)&#13;
worker.org.gradle.process.internal.worker.GradleWorkerMain.main(GradleWorkerMain.java:74)&#13;
</system-err></testcase></testsuite>